<?xml version="1.0" encoding="UTF-8"?>
<!-- Generated by org.testng.reporters.JUnitReportReporter -->
<testsuite skipped="0" hostname="rsunkanapallpc" name="AirVistaraTest.RoundTripFlightSearch" tests="1" failures="0" timestamp="03 Apr 2020 13:49:47 GMT" time="11.415" errors="0">
  <testcase name="RoundTrip" time="11.415" classname="AirVistaraTest.RoundTripFlightSearch"/>
</testsuite> <!-- AirVistaraTest.RoundTripFlightSearch -->
