<?xml version="1.0" encoding="UTF-8"?>
<!-- Generated by org.testng.reporters.JUnitReportReporter -->
<testsuite skipped="0" hostname="rsunkanapallpc" name="AirVistaraTest.FlightSearch" tests="1" failures="0" timestamp="03 Apr 2020 08:58:51 GMT" time="12.732" errors="0">
  <testcase name="RoundTrip" time="12.732" classname="AirVistaraTest.FlightSearch"/>
</testsuite> <!-- AirVistaraTest.FlightSearch -->
