<?xml version="1.0" encoding="UTF-8"?>
<!-- Generated by org.testng.reporters.JUnitReportReporter -->
<testsuite skipped="0" hostname="rsunkanapallpc" name="AirVistaraTest.RoundTripFlightSearch" tests="1" failures="0" timestamp="03 Apr 2020 14:47:42 GMT" time="12.099" errors="0">
  <testcase name="RoundTrip" time="12.099" classname="AirVistaraTest.RoundTripFlightSearch"/>
</testsuite> <!-- AirVistaraTest.RoundTripFlightSearch -->
